[debug] [2017-07-23T02:28:36.990Z] ----------------------------------------------------------------------
[debug] [2017-07-23T02:28:36.990Z] Command:      C:\Program Files\nodejs\node.exe C:\Users\Administrador\AppData\Roaming\npm\node_modules\firebase-tools\bin\firebase serve
[debug] [2017-07-23T02:28:36.990Z] CLI Version:  3.9.1
[debug] [2017-07-23T02:28:36.990Z] Platform:     win32
[debug] [2017-07-23T02:28:36.990Z] Node Version: v6.10.3
[debug] [2017-07-23T02:28:36.990Z] Time:         Sat Jul 22 2017 22:28:36 GMT-0400 (Hora estándar de Venezuela)
[debug] [2017-07-23T02:28:36.990Z] ----------------------------------------------------------------------
[debug] 
[debug] [2017-07-23T02:28:37.005Z] > command requires scopes: ["email","openid","https://www.googleapis.com/auth/cloudplatformprojects.readonly","https://www.googleapis.com/auth/firebase","https://www.googleapis.com/auth/cloud-platform"]
[debug] [2017-07-23T02:28:37.005Z] > authorizing via signed-in user
[debug] [2017-07-23T02:28:37.005Z] > refreshing access token with scopes: ["email","https://www.googleapis.com/auth/cloud-platform","https://www.googleapis.com/auth/cloudplatformprojects.readonly","https://www.googleapis.com/auth/firebase","openid"]
[debug] [2017-07-23T02:28:37.005Z] >>> HTTP REQUEST POST https://www.googleapis.com/oauth2/v3/token { refresh_token: '1/3vG-my0PksabbaO3HHkoxbM7bdiLTobm-niuAT0aM78',
  client_id: '563584335869-fgrhgmd47bqnekij5i8b5pr03ho849e6.apps.googleusercontent.com',
  client_secret: 'j9iVZfS8kkCEFUPaAeJV0sAi',
  grant_type: 'refresh_token',
  scope: 'email https://www.googleapis.com/auth/cloud-platform https://www.googleapis.com/auth/cloudplatformprojects.readonly https://www.googleapis.com/auth/firebase openid' } 
 Sat Jul 22 2017 22:28:37 GMT-0400 (Hora estándar de Venezuela)
[debug] [2017-07-23T02:28:37.293Z] <<< HTTP RESPONSE 200
[debug] [2017-07-23T02:28:37.340Z] >>> HTTP REQUEST GET https://admin.firebase.com/v1/projects/compra-c283c  
 Sat Jul 22 2017 22:28:37 GMT-0400 (Hora estándar de Venezuela)
[debug] [2017-07-23T02:28:37.871Z] <<< HTTP RESPONSE 200
[debug] [2017-07-23T02:28:37.871Z] >>> HTTP REQUEST GET https://admin.firebase.com/v1/database/compra-c283c/tokens  
 Sat Jul 22 2017 22:28:37 GMT-0400 (Hora estándar de Venezuela)
[debug] [2017-07-23T02:28:38.463Z] <<< HTTP RESPONSE 200
[info] 
[info] === Serving from 'C:\Users\Administrador\Source\Repos\Compra\PropietariaProyecto'...
[info] 
[debug] [2017-07-23T02:28:38.479Z] >>> HTTP REQUEST GET https://cloudresourcemanager.googleapis.com/v1/projects/compra-c283c  
 Sat Jul 22 2017 22:28:38 GMT-0400 (Hora estándar de Venezuela)
[debug] [2017-07-23T02:28:38.869Z] <<< HTTP RESPONSE 200
[debug] [2017-07-23T02:28:38.869Z] >>> HTTP REQUEST GET https://mobilesdk-pa.googleapis.com/v1/projects/390150136395/clients/_:getWebAppConfig  
 Sat Jul 22 2017 22:28:38 GMT-0400 (Hora estándar de Venezuela)
[debug] [2017-07-23T02:28:39.477Z] <<< HTTP RESPONSE 200
[info] i  hosting: Serving hosting files from: public
[info] +  hosting: Local server: http://localhost:5000

